APP_LOG: 2024/12/04 13:48:05 logger.go:25: Method: OPTIONS, Path: /users/profile, Status: 204, Duration: 0s
APP_LOG: 2024/12/04 13:48:05 logger.go:25: Method: GET, Path: /users/profile, Status: 200, Duration: 1.1127ms
APP_LOG: 2024/12/04 13:48:05 logger.go:25: Method: OPTIONS, Path: /products, Status: 204, Duration: 0s
APP_LOG: 2024/12/04 13:48:05 logger.go:25: Method: OPTIONS, Path: /categories, Status: 204, Duration: 0s
APP_LOG: 2024/12/04 13:48:05 logger.go:25: Method: GET, Path: /products, Status: 200, Duration: 1.6719ms
APP_LOG: 2024/12/04 13:48:05 logger.go:25: Method: GET, Path: /categories, Status: 200, Duration: 804.7µs
APP_LOG: 2024/12/04 13:48:08 logger.go:25: Method: OPTIONS, Path: /users/profile, Status: 204, Duration: 0s
APP_LOG: 2024/12/04 13:48:08 logger.go:25: Method: GET, Path: /users/profile, Status: 200, Duration: 1.0939ms
APP_LOG: 2024/12/04 13:48:08 logger.go:25: Method: OPTIONS, Path: /products, Status: 204, Duration: 0s
APP_LOG: 2024/12/04 13:48:08 logger.go:25: Method: OPTIONS, Path: /categories, Status: 204, Duration: 0s
APP_LOG: 2024/12/04 13:48:08 logger.go:25: Method: GET, Path: /products, Status: 200, Duration: 695.2µs
APP_LOG: 2024/12/04 13:48:08 logger.go:25: Method: GET, Path: /categories, Status: 200, Duration: 32.439ms
APP_LOG: 2024/12/04 13:51:38 logger.go:25: Method: OPTIONS, Path: /users/profile, Status: 204, Duration: 0s
APP_LOG: 2024/12/04 13:51:38 logger.go:25: Method: GET, Path: /users/profile, Status: 200, Duration: 720.8µs
APP_LOG: 2024/12/04 13:51:38 logger.go:25: Method: OPTIONS, Path: /products, Status: 204, Duration: 0s
APP_LOG: 2024/12/04 13:51:38 logger.go:25: Method: OPTIONS, Path: /categories, Status: 204, Duration: 0s
APP_LOG: 2024/12/04 13:51:38 logger.go:25: Method: GET, Path: /products, Status: 200, Duration: 1.4446ms
APP_LOG: 2024/12/04 13:51:38 logger.go:25: Method: GET, Path: /categories, Status: 200, Duration: 207.2µs
APP_LOG: 2024/12/04 13:51:44 logger.go:25: Method: OPTIONS, Path: /users/profile, Status: 204, Duration: 0s
APP_LOG: 2024/12/04 13:51:44 logger.go:25: Method: GET, Path: /users/profile, Status: 200, Duration: 820.3µs
APP_LOG: 2024/12/04 13:51:44 logger.go:25: Method: OPTIONS, Path: /products, Status: 204, Duration: 0s
APP_LOG: 2024/12/04 13:51:44 logger.go:25: Method: OPTIONS, Path: /categories, Status: 204, Duration: 0s
APP_LOG: 2024/12/04 13:51:44 logger.go:25: Method: GET, Path: /products, Status: 200, Duration: 1.4806ms
APP_LOG: 2024/12/04 13:51:44 logger.go:25: Method: GET, Path: /categories, Status: 200, Duration: 39.0841ms
APP_LOG: 2024/12/04 13:52:02 logger.go:25: Method: GET, Path: /users, Status: 403, Duration: 0s
APP_LOG: 2024/12/04 13:52:03 logger.go:25: Method: GET, Path: /favicon.ico, Status: 404, Duration: 0s
APP_LOG: 2024/12/04 13:52:05 logger.go:25: Method: GET, Path: /, Status: 200, Duration: 0s
APP_LOG: 2024/12/04 13:52:20 logger.go:25: Method: GET, Path: /mectrics, Status: 404, Duration: 0s
APP_LOG: 2024/12/04 13:52:57 logger.go:25: Method: GET, Path: /, Status: 200, Duration: 0s
APP_LOG: 2024/12/04 13:53:02 logger.go:25: Method: GET, Path: /metrics, Status: 404, Duration: 0s
APP_LOG: 2024/12/04 13:53:04 logger.go:25: Method: GET, Path: /metrics, Status: 404, Duration: 0s
APP_LOG: 2024/12/04 13:53:04 logger.go:25: Method: GET, Path: /metrics, Status: 404, Duration: 0s
APP_LOG: 2024/12/04 13:54:18 logger.go:32: Method: GET, Path: /metrics, Status: 200, Duration: 0s
APP_LOG: 2024/12/04 13:54:22 logger.go:32: Method: GET, Path: /metrics, Status: 200, Duration: 0s
APP_LOG: 2024/12/04 13:56:20 logger.go:32: Method: GET, Path: //metrics, Status: 404, Duration: 0s
APP_LOG: 2024/12/04 13:56:27 logger.go:32: Method: GET, Path: /metrics, Status: 200, Duration: 0s
APP_LOG: 2024/12/04 13:56:47 logger.go:32: Method: GET, Path: /users/profile, Status: 200, Duration: 1.6393ms
APP_LOG: 2024/12/04 13:56:47 logger.go:32: Method: GET, Path: /products, Status: 200, Duration: 1.2864ms
APP_LOG: 2024/12/04 13:56:47 logger.go:32: Method: GET, Path: /categories, Status: 200, Duration: 480.1µs
APP_LOG: 2024/12/04 14:00:25 logger.go:32: Method: GET, Path: /metrics, Status: 200, Duration: 0s
APP_LOG: 2024/12/04 14:00:26 logger.go:32: Method: GET, Path: /metrics, Status: 200, Duration: 0s
APP_LOG: 2024/12/04 14:00:28 logger.go:32: Method: GET, Path: /metrics, Status: 200, Duration: 0s
APP_LOG: 2024/12/04 14:00:31 logger.go:32: Method: GET, Path: /metrics, Status: 200, Duration: 0s
APP_LOG: 2024/12/04 14:00:34 logger.go:32: Method: GET, Path: /metrics, Status: 200, Duration: 0s
APP_LOG: 2024/12/04 14:00:37 logger.go:32: Method: GET, Path: /metrics, Status: 200, Duration: 0s
APP_LOG: 2024/12/04 14:00:40 logger.go:32: Method: GET, Path: /metrics, Status: 200, Duration: 0s
APP_LOG: 2024/12/04 14:00:43 logger.go:32: Method: GET, Path: /metrics, Status: 200, Duration: 0s
APP_LOG: 2024/12/04 14:00:46 logger.go:32: Method: GET, Path: /metrics, Status: 200, Duration: 0s
APP_LOG: 2024/12/04 14:00:49 logger.go:32: Method: GET, Path: /metrics, Status: 200, Duration: 0s
APP_LOG: 2024/12/04 14:00:52 logger.go:32: Method: GET, Path: /metrics, Status: 200, Duration: 0s
APP_LOG: 2024/12/04 14:00:55 logger.go:32: Method: GET, Path: /metrics, Status: 200, Duration: 0s
APP_LOG: 2024/12/04 14:00:58 logger.go:32: Method: GET, Path: /metrics, Status: 200, Duration: 0s
APP_LOG: 2024/12/04 14:01:01 logger.go:32: Method: GET, Path: /metrics, Status: 200, Duration: 0s
APP_LOG: 2024/12/04 14:01:04 logger.go:32: Method: GET, Path: /metrics, Status: 200, Duration: 0s
APP_LOG: 2024/12/04 14:01:07 logger.go:32: Method: GET, Path: /metrics, Status: 200, Duration: 0s
APP_LOG: 2024/12/04 14:01:10 logger.go:32: Method: GET, Path: /metrics, Status: 200, Duration: 0s
APP_LOG: 2024/12/04 14:01:13 logger.go:32: Method: GET, Path: /metrics, Status: 200, Duration: 0s
APP_LOG: 2024/12/04 14:01:16 logger.go:32: Method: GET, Path: /metrics, Status: 200, Duration: 0s
APP_LOG: 2024/12/04 14:01:19 logger.go:32: Method: GET, Path: /metrics, Status: 200, Duration: 0s
APP_LOG: 2024/12/04 14:01:22 logger.go:32: Method: GET, Path: /metrics, Status: 200, Duration: 0s
APP_LOG: 2024/12/04 14:01:25 logger.go:32: Method: GET, Path: /metrics, Status: 200, Duration: 0s
APP_LOG: 2024/12/04 14:01:28 logger.go:32: Method: GET, Path: /metrics, Status: 200, Duration: 0s
APP_LOG: 2024/12/04 14:01:31 logger.go:32: Method: GET, Path: /metrics, Status: 200, Duration: 0s
APP_LOG: 2024/12/04 14:01:34 logger.go:32: Method: GET, Path: /metrics, Status: 200, Duration: 0s
APP_LOG: 2024/12/04 14:01:37 logger.go:32: Method: GET, Path: /metrics, Status: 200, Duration: 0s
APP_LOG: 2024/12/04 14:01:40 logger.go:32: Method: GET, Path: /metrics, Status: 200, Duration: 0s
APP_LOG: 2024/12/04 14:01:43 logger.go:32: Method: GET, Path: /metrics, Status: 200, Duration: 0s
APP_LOG: 2024/12/04 14:01:46 logger.go:32: Method: GET, Path: /metrics, Status: 200, Duration: 0s
APP_LOG: 2024/12/04 14:01:49 logger.go:32: Method: GET, Path: /metrics, Status: 200, Duration: 0s
APP_LOG: 2024/12/04 14:01:52 logger.go:32: Method: GET, Path: /metrics, Status: 200, Duration: 0s
APP_LOG: 2024/12/04 14:01:55 logger.go:32: Method: GET, Path: /metrics, Status: 200, Duration: 0s
APP_LOG: 2024/12/04 14:01:58 logger.go:32: Method: GET, Path: /metrics, Status: 200, Duration: 0s
APP_LOG: 2024/12/04 14:02:01 logger.go:32: Method: GET, Path: /metrics, Status: 200, Duration: 0s
APP_LOG: 2024/12/04 14:02:04 logger.go:32: Method: GET, Path: /metrics, Status: 200, Duration: 0s
APP_LOG: 2024/12/04 14:02:07 logger.go:32: Method: GET, Path: /metrics, Status: 200, Duration: 0s
APP_LOG: 2024/12/04 14:02:10 logger.go:32: Method: GET, Path: /metrics, Status: 200, Duration: 0s
APP_LOG: 2024/12/04 14:02:13 logger.go:32: Method: GET, Path: /metrics, Status: 200, Duration: 0s
APP_LOG: 2024/12/04 14:02:16 logger.go:32: Method: GET, Path: /metrics, Status: 200, Duration: 0s
APP_LOG: 2024/12/04 14:02:19 logger.go:32: Method: GET, Path: /metrics, Status: 200, Duration: 0s
APP_LOG: 2024/12/04 14:07:56 logger.go:32: Method: GET, Path: /users/profile, Status: 200, Duration: 1.2818ms
APP_LOG: 2024/12/04 14:07:56 logger.go:32: Method: GET, Path: /products, Status: 200, Duration: 14.3056ms
APP_LOG: 2024/12/04 14:07:56 logger.go:32: Method: GET, Path: /categories, Status: 200, Duration: 137.3µs
APP_LOG: 2024/12/04 14:07:59 logger.go:32: Method: GET, Path: /users/profile, Status: 200, Duration: 876.4µs
APP_LOG: 2024/12/04 14:07:59 logger.go:32: Method: GET, Path: /products, Status: 200, Duration: 295.8µs
APP_LOG: 2024/12/04 14:07:59 logger.go:32: Method: GET, Path: /categories, Status: 200, Duration: 0s
APP_LOG: 2024/12/04 14:08:03 logger.go:32: Method: GET, Path: /users/profile, Status: 200, Duration: 1.0723ms
APP_LOG: 2024/12/04 14:08:03 logger.go:32: Method: GET, Path: /products, Status: 200, Duration: 696.1µs
APP_LOG: 2024/12/04 14:08:03 logger.go:32: Method: GET, Path: /categories, Status: 200, Duration: 0s
APP_LOG: 2024/12/04 14:08:48 logger.go:32: Method: PATCH, Path: /products/1, Status: 400, Duration: 0s
APP_LOG: 2024/12/04 14:08:51 logger.go:32: Method: PATCH, Path: /products/1, Status: 400, Duration: 0s
APP_LOG: 2024/12/04 14:09:20 logger.go:32: Method: PATCH, Path: /products/1, Status: 200, Duration: 21.0768ms
APP_LOG: 2024/12/04 14:09:29 logger.go:32: Method: GET, Path: /users/profile, Status: 200, Duration: 877.1µs
APP_LOG: 2024/12/04 14:09:30 logger.go:32: Method: GET, Path: /products, Status: 200, Duration: 192.4µs
APP_LOG: 2024/12/04 14:09:30 logger.go:32: Method: GET, Path: /categories, Status: 200, Duration: 0s
APP_LOG: 2024/12/04 14:09:32 logger.go:32: Method: GET, Path: /users/profile, Status: 200, Duration: 539.3µs
APP_LOG: 2024/12/04 14:09:32 logger.go:32: Method: GET, Path: /products, Status: 200, Duration: 201.7µs
APP_LOG: 2024/12/04 14:09:32 logger.go:32: Method: GET, Path: /categories, Status: 200, Duration: 0s
APP_LOG: 2024/12/04 14:11:35 logger.go:32: Method: GET, Path: /users/profile, Status: 200, Duration: 1.4355ms
APP_LOG: 2024/12/04 14:11:36 logger.go:32: Method: GET, Path: /products, Status: 200, Duration: 9.7766ms
APP_LOG: 2024/12/04 14:11:36 logger.go:32: Method: GET, Path: /categories, Status: 200, Duration: 210.3µs
APP_LOG: 2024/12/04 14:14:17 logger.go:32: Method: PATCH, Path: /products/1, Status: 200, Duration: 9.1559ms
APP_LOG: 2024/12/04 14:14:36 logger.go:32: Method: GET, Path: /users/profile, Status: 200, Duration: 694.6µs
APP_LOG: 2024/12/04 14:14:36 logger.go:32: Method: GET, Path: /products, Status: 200, Duration: 1.7057ms
APP_LOG: 2024/12/04 14:14:36 logger.go:32: Method: GET, Path: /categories, Status: 200, Duration: 0s
APP_LOG: 2024/12/04 14:14:39 logger.go:32: Method: GET, Path: /users/profile, Status: 200, Duration: 766.4µs
APP_LOG: 2024/12/04 14:14:39 logger.go:32: Method: GET, Path: /products, Status: 200, Duration: 797.9µs
APP_LOG: 2024/12/04 14:14:39 logger.go:32: Method: GET, Path: /categories, Status: 200, Duration: 0s
APP_LOG: 2024/12/04 14:14:42 logger.go:32: Method: GET, Path: /users/profile, Status: 200, Duration: 834.3µs
APP_LOG: 2024/12/04 14:14:42 logger.go:32: Method: GET, Path: /products, Status: 200, Duration: 121.3µs
APP_LOG: 2024/12/04 14:14:42 logger.go:32: Method: GET, Path: /categories, Status: 200, Duration: 0s
APP_LOG: 2024/12/04 14:15:13 logger.go:32: Method: GET, Path: /users/profile, Status: 200, Duration: 2.0825ms
APP_LOG: 2024/12/04 14:15:13 logger.go:32: Method: GET, Path: /products, Status: 200, Duration: 7.502ms
APP_LOG: 2024/12/04 14:15:13 logger.go:32: Method: GET, Path: /categories, Status: 200, Duration: 618.8µs
APP_LOG: 2024/12/04 14:15:15 logger.go:32: Method: GET, Path: /users/profile, Status: 200, Duration: 820.7µs
APP_LOG: 2024/12/04 14:15:15 logger.go:32: Method: GET, Path: /categories, Status: 200, Duration: 0s
APP_LOG: 2024/12/04 14:15:15 logger.go:32: Method: GET, Path: /products, Status: 200, Duration: 0s
APP_LOG: 2024/12/04 14:15:16 logger.go:32: Method: GET, Path: /users/profile, Status: 200, Duration: 252.1µs
APP_LOG: 2024/12/04 14:15:16 logger.go:32: Method: GET, Path: /categories, Status: 200, Duration: 0s
APP_LOG: 2024/12/04 14:15:16 logger.go:32: Method: GET, Path: /products, Status: 200, Duration: 197.7µs
APP_LOG: 2024/12/04 14:15:27 logger.go:32: Method: GET, Path: /users/profile, Status: 200, Duration: 1.4101ms
APP_LOG: 2024/12/04 14:15:27 logger.go:32: Method: GET, Path: /products, Status: 200, Duration: 1.6043ms
APP_LOG: 2024/12/04 14:15:27 logger.go:32: Method: GET, Path: /categories, Status: 200, Duration: 538.8µs
